[0mGET / [36m304 [0m631.769 ms - -[0m
[0mGET /stylesheets/style.css [36m304 [0m5.297 ms - -[0m
[0mGET / [36m304 [0m618.162 ms - -[0m
[0mGET /stylesheets/style.css [36m304 [0m4.978 ms - -[0m
[0mGET / [36m304 [0m63.014 ms - -[0m
[0mGET /stylesheets/style.css [36m304 [0m0.877 ms - -[0m
[0mGET / [32m200 [0m384.186 ms - 11738[0m
[0mGET /css/reset.css [33m404 [0m71.559 ms - 1215[0m
[0mGET /css/jquery.fancybox.css?v=2.1.5 [33m404 [0m98.157 ms - 1215[0m
[0mGET /css/style.css [33m404 [0m27.650 ms - 1215[0m
[0mGET /js/jquery.smooth-scroll.min.js [33m404 [0m16.240 ms - 1215[0m
[0mGET /js/jquery.fancybox.pack.js?v=2.1.5 [33m404 [0m31.938 ms - 1215[0m
[0mGET /js/main.js [33m404 [0m37.837 ms - 1215[0m
[0mGET /images/aolcoolage-homepage-thumb.jpg [33m404 [0m63.246 ms - 1215[0m
[0mGET /images/indyvoices-homepage-thumb.jpg [33m404 [0m31.896 ms - 1215[0m
[0mGET /images/es-goingout-thumb.jpg [33m404 [0m45.452 ms - 1215[0m
[0mGET /images/sa-companylist-thumb.jpg [33m404 [0m55.523 ms - 1215[0m
[0mGET /images/aolvideo-homepage-thumb.jpg [33m404 [0m7.944 ms - 1215[0m
[0mGET /images/oxygenlive-thumb.png [33m404 [0m25.047 ms - 1215[0m
[0mGET /images/aolasylum-homepage-thumb.jpg [33m404 [0m37.290 ms - 1215[0m
[0mGET /js/jquery.smooth-scroll.min.js [33m404 [0m9.312 ms - 1215[0m
[0mGET /js/jquery.fancybox.pack.js?v=2.1.5 [33m404 [0m7.834 ms - 1215[0m
[0mGET /js/main.js [33m404 [0m7.364 ms - 1215[0m
[0mGET /css/reset.css [33m404 [0m19.206 ms - 1215[0m
[0mGET /css/jquery.fancybox.css?v=2.1.5 [33m404 [0m29.073 ms - 1215[0m
[0mGET /css/style.css [33m404 [0m36.865 ms - 1215[0m
[0mGET / [36m304 [0m3.542 ms - -[0m
[0mGET /css/reset.css [33m404 [0m15.859 ms - 1215[0m
[0mGET /css/jquery.fancybox.css?v=2.1.5 [33m404 [0m36.092 ms - 1215[0m
[0mGET /css/style.css [33m404 [0m45.610 ms - 1215[0m
[0mGET /js/jquery.smooth-scroll.min.js [33m404 [0m13.047 ms - 1215[0m
[0mGET /js/jquery.fancybox.pack.js?v=2.1.5 [33m404 [0m10.887 ms - 1215[0m
[0mGET /js/main.js [33m404 [0m20.463 ms - 1215[0m
[0mGET /images/indyvoices-homepage-thumb.jpg [33m404 [0m33.265 ms - 1215[0m
[0mGET /images/es-goingout-thumb.jpg [33m404 [0m41.957 ms - 1215[0m
[0mGET /images/sa-companylist-thumb.jpg [33m404 [0m47.755 ms - 1215[0m
[0mGET /images/aolcoolage-homepage-thumb.jpg [33m404 [0m15.134 ms - 1215[0m
[0mGET /images/aolvideo-homepage-thumb.jpg [33m404 [0m23.383 ms - 1215[0m
[0mGET /images/oxygenlive-thumb.png [33m404 [0m31.527 ms - 1215[0m
[0mGET /images/aolasylum-homepage-thumb.jpg [33m404 [0m41.244 ms - 1215[0m
[0mGET /js/jquery.smooth-scroll.min.js [33m404 [0m8.194 ms - 1215[0m
[0mGET /js/jquery.fancybox.pack.js?v=2.1.5 [33m404 [0m12.037 ms - 1215[0m
[0mGET /js/main.js [33m404 [0m10.545 ms - 1215[0m
[0mGET / [36m304 [0m2.753 ms - -[0m
[0mGET /css/reset.css [33m404 [0m8.817 ms - 1215[0m
[0mGET /css/jquery.fancybox.css?v=2.1.5 [33m404 [0m16.621 ms - 1215[0m
[0mGET /css/style.css [33m404 [0m25.347 ms - 1215[0m
[0mGET /js/jquery.smooth-scroll.min.js [33m404 [0m10.404 ms - 1215[0m
[0mGET /js/jquery.fancybox.pack.js?v=2.1.5 [33m404 [0m17.594 ms - 1215[0m
[0mGET /js/main.js [33m404 [0m24.924 ms - 1215[0m
[0mGET /images/indyvoices-homepage-thumb.jpg [33m404 [0m31.991 ms - 1215[0m
[0mGET /images/es-goingout-thumb.jpg [33m404 [0m40.657 ms - 1215[0m
[0mGET /images/sa-companylist-thumb.jpg [33m404 [0m52.889 ms - 1215[0m
[0mGET /images/aolcoolage-homepage-thumb.jpg [33m404 [0m18.023 ms - 1215[0m
[0mGET /images/aolvideo-homepage-thumb.jpg [33m404 [0m7.013 ms - 1215[0m
[0mGET /images/oxygenlive-thumb.png [33m404 [0m11.989 ms - 1215[0m
[0mGET /images/aolasylum-homepage-thumb.jpg [33m404 [0m17.191 ms - 1215[0m
[0mGET /js/jquery.smooth-scroll.min.js [33m404 [0m6.828 ms - 1215[0m
[0mGET /js/jquery.fancybox.pack.js?v=2.1.5 [33m404 [0m15.895 ms - 1215[0m
[0mGET /js/main.js [33m404 [0m5.306 ms - 1215[0m
[0mGET / [32m200 [0m4.246 ms - 11648[0m
[0mGET /stylesheets/reset.css [32m200 [0m6.211 ms - 1125[0m
[0mGET /stylesheets/jquery.fancybox.css?v=2.1.5 [32m200 [0m7.485 ms - 4955[0m
[0mGET /stylesheets/style.css [32m200 [0m7.674 ms - 3856[0m
[0mGET /js/jquery.smooth-scroll.min.js [33m404 [0m8.716 ms - 1215[0m
[0mGET /js/jquery.fancybox.pack.js?v=2.1.5 [33m404 [0m9.774 ms - 1215[0m
[0mGET /js/main.js [33m404 [0m8.783 ms - 1215[0m
[0mGET /images/indyvoices-homepage-thumb.jpg [33m404 [0m20.523 ms - 1215[0m
[0mGET /images/es-goingout-thumb.jpg [33m404 [0m10.938 ms - 1215[0m
[0mGET /images/sa-companylist-thumb.jpg [33m404 [0m19.793 ms - 1215[0m
[0mGET /images/aolcoolage-homepage-thumb.jpg [33m404 [0m27.337 ms - 1215[0m
[0mGET /images/aolvideo-homepage-thumb.jpg [33m404 [0m35.327 ms - 1215[0m
[0mGET /images/oxygenlive-thumb.png [33m404 [0m7.908 ms - 1215[0m
[0mGET /images/aolasylum-homepage-thumb.jpg [33m404 [0m8.404 ms - 1215[0m
[0mGET /js/jquery.smooth-scroll.min.js [33m404 [0m21.457 ms - 1215[0m
[0mGET /images/social-icons-sprites.png [33m404 [0m7.371 ms - 1215[0m
[0mGET /js/jquery.fancybox.pack.js?v=2.1.5 [33m404 [0m9.740 ms - 1215[0m
[0mGET /js/main.js [33m404 [0m10.587 ms - 1215[0m
[0mGET / [32m200 [0m3.536 ms - 11678[0m
[0mGET /stylesheets/reset.css [36m304 [0m3.227 ms - -[0m
[0mGET /stylesheets/jquery.fancybox.css?v=2.1.5 [36m304 [0m3.123 ms - -[0m
[0mGET /stylesheets/style.css [36m304 [0m2.713 ms - -[0m
[0mGET /javascripts/jquery.smooth-scroll.min.js [32m200 [0m3.276 ms - 2798[0m
[0mGET /javascripts/jquery.fancybox.pack.js?v=2.1.5 [32m200 [0m3.107 ms - 23135[0m
[0mGET /images/indyvoices-homepage-thumb.jpg [33m404 [0m12.607 ms - 1215[0m
[0mGET /images/es-goingout-thumb.jpg [33m404 [0m18.103 ms - 1215[0m
[0mGET /javascripts/main.js [32m200 [0m21.638 ms - 190[0m
[0mGET /images/sa-companylist-thumb.jpg [33m404 [0m11.828 ms - 1215[0m
[0mGET /images/aolcoolage-homepage-thumb.jpg [33m404 [0m20.747 ms - 1215[0m
[0mGET /images/aolvideo-homepage-thumb.jpg [33m404 [0m28.203 ms - 1215[0m
[0mGET /images/oxygenlive-thumb.png [33m404 [0m36.809 ms - 1215[0m
[0mGET /images/aolasylum-homepage-thumb.jpg [33m404 [0m7.409 ms - 1215[0m
[0mGET /images/social-icons-sprites.png [33m404 [0m15.122 ms - 1215[0m
[0mGET / [36m304 [0m4.845 ms - -[0m
[0mGET /stylesheets/reset.css [36m304 [0m0.757 ms - -[0m
[0mGET /stylesheets/jquery.fancybox.css?v=2.1.5 [36m304 [0m1.509 ms - -[0m
[0mGET /stylesheets/style.css [36m304 [0m1.687 ms - -[0m
[0mGET /images/indyvoices-homepage-thumb.jpg [33m404 [0m11.485 ms - 1215[0m
[0mGET /images/es-goingout-thumb.jpg [33m404 [0m13.980 ms - 1215[0m
[0mGET /images/sa-companylist-thumb.jpg [33m404 [0m8.471 ms - 1215[0m
[0mGET /images/aolcoolage-homepage-thumb.jpg [33m404 [0m14.267 ms - 1215[0m
[0mGET /images/aolvideo-homepage-thumb.jpg [33m404 [0m6.596 ms - 1215[0m
[0mGET /images/oxygenlive-thumb.png [33m404 [0m13.799 ms - 1215[0m
[0mGET /images/aolasylum-homepage-thumb.jpg [33m404 [0m19.936 ms - 1215[0m
[0mGET /javascripts/jquery.smooth-scroll.min.js [36m304 [0m20.230 ms - -[0m
[0mGET /images/social-icons-sprites.png [33m404 [0m6.989 ms - 1215[0m
[0mGET /javascripts/jquery.fancybox.pack.js?v=2.1.5 [36m304 [0m6.319 ms - -[0m
[0mGET /javascripts/main.js [36m304 [0m6.354 ms - -[0m
[0mGET / [36m304 [0m2.339 ms - -[0m
[0mGET / [36m304 [0m3.162 ms - -[0m
[0mGET / [32m200 [0m2.592 ms - 11678[0m
[0mGET /images/indyvoices-homepage-thumb.jpg [33m404 [0m8.424 ms - 1215[0m
[0mGET /images/es-goingout-thumb.jpg [33m404 [0m14.166 ms - 1215[0m
[0mGET /images/sa-companylist-thumb.jpg [33m404 [0m19.675 ms - 1215[0m
[0mGET /images/aolcoolage-homepage-thumb.jpg [33m404 [0m6.335 ms - 1215[0m
[0mGET /images/aolvideo-homepage-thumb.jpg [33m404 [0m12.377 ms - 1215[0m
[0mGET /images/aolasylum-homepage-thumb.jpg [33m404 [0m16.037 ms - 1215[0m
[0mGET /images/social-icons-sprites.png [33m404 [0m4.784 ms - 1215[0m
[0mGET /images/oxygenlive-thumb.png [33m404 [0m9.753 ms - 1215[0m
[0mGET / [36m304 [0m1.940 ms - -[0m
[0mGET /stylesheets/jquery.fancybox.css?v=2.1.5 [36m304 [0m0.565 ms - -[0m
[0mGET /stylesheets/reset.css [36m304 [0m1.602 ms - -[0m
[0mGET /stylesheets/style.css [36m304 [0m1.370 ms - -[0m
[0mGET /javascripts/jquery.smooth-scroll.min.js [36m304 [0m2.786 ms - -[0m
[0mGET /javascripts/jquery.fancybox.pack.js?v=2.1.5 [36m304 [0m2.941 ms - -[0m
[0mGET /javascripts/main.js [36m304 [0m3.352 ms - -[0m
[0mGET /images/es-goingout-thumb.jpg [32m200 [0m3.575 ms - 29474[0m
[0mGET /images/indyvoices-homepage-thumb.jpg [32m200 [0m3.517 ms - 36367[0m
[0mGET /images/sa-companylist-thumb.jpg [32m200 [0m5.437 ms - 19678[0m
[0mGET /images/aolcoolage-homepage-thumb.jpg [32m200 [0m5.627 ms - 30301[0m
[0mGET /images/aolvideo-homepage-thumb.jpg [32m200 [0m5.232 ms - 26184[0m
[0mGET /images/oxygenlive-thumb.png [32m200 [0m3.844 ms - 70706[0m
[0mGET /images/aolasylum-homepage-thumb.jpg [32m200 [0m1.063 ms - 32316[0m
[0mGET /images/social-icons-sprites.png [32m200 [0m0.890 ms - 84447[0m
[0mGET / [32m200 [0m2.766 ms - 11707[0m
[0mGET /stylesheets/reset.css [36m304 [0m0.540 ms - -[0m
[0mGET /stylesheets/jquery.fancybox.css?v=2.1.5 [36m304 [0m8.742 ms - -[0m
[0mGET /stylesheets/style.css [36m304 [0m4.249 ms - -[0m
[0mGET /images/indyvoices-homepage-thumb.jpg [36m304 [0m5.254 ms - -[0m
[0mGET /images/es-goingout-thumb.jpg [36m304 [0m5.237 ms - -[0m
[0mGET /javascripts/jquery.smooth-scroll.min.js [36m304 [0m1.346 ms - -[0m
[0mGET /javascripts/jquery.fancybox.pack.js?v=2.1.5 [36m304 [0m1.675 ms - -[0m
[0mGET /javascripts/main.js [36m304 [0m1.637 ms - -[0m
[0mGET /images/sa-companylist-thumb.jpg [36m304 [0m1.324 ms - -[0m
[0mGET /images/aolcoolage-homepage-thumb.jpg [36m304 [0m1.272 ms - -[0m
[0mGET /images/aolvideo-homepage-thumb.jpg [36m304 [0m1.181 ms - -[0m
[0mGET /images/oxygenlive-thumb.png [36m304 [0m0.374 ms - -[0m
[0mGET /images/aolasylum-homepage-thumb.jpg [36m304 [0m0.313 ms - -[0m
[0mGET /images/social-icons-sprites.png [36m304 [0m1.256 ms - -[0m
